<?xml version="1.0" encoding="UTF-8"?>
<!-- Generated by org.testng.reporters.JUnitReportReporter -->
<testsuite hostname="Thoushika" failures="0" tests="4" name="runnerfile.runnerClass" time="70.261" errors="0" timestamp="2025-04-02T09:19:49 IST" skipped="0">
  <testcase classname="runnerfile.runnerClass" name="runScenario" time="4.315"/>
  <testcase classname="runnerfile.runnerClass" name="runScenario" time="59.495"/>
  <testcase classname="runnerfile.runnerClass" name="runScenario" time="3.158"/>
  <testcase classname="runnerfile.runnerClass" name="runScenario" time="3.293"/>
</testsuite> <!-- runnerfile.runnerClass -->
