<?xml version="1.0" encoding="UTF-8"?>
<!-- Generated by org.testng.reporters.JUnitReportReporter -->
<testsuite hostname="Thoushika" failures="0" tests="4" name="runnerfile.runnerClass" time="21.421" errors="0" timestamp="2025-04-02T11:19:04 IST" skipped="0">
  <testcase classname="runnerfile.runnerClass" name="runScenario" time="4.036"/>
  <testcase classname="runnerfile.runnerClass" name="runScenario" time="4.351"/>
  <testcase classname="runnerfile.runnerClass" name="runScenario" time="4.153"/>
  <testcase classname="runnerfile.runnerClass" name="runScenario" time="8.881"/>
</testsuite> <!-- runnerfile.runnerClass -->
