<?xml version="1.0" encoding="UTF-8"?>
<testng-results ignored="0" total="4" passed="4" failed="0" skipped="0">
  <reporter-output>
  </reporter-output>
  <suite started-at="2025-04-02T11:18:42 IST" name="Default suite" finished-at="2025-04-02T11:19:04 IST" duration-ms="22197">
    <groups>
      <group name="cucumber">
        <method signature="AbstractTestNGCucumberTests.runScenario(io.cucumber.testng.PickleWrapper,io.cucumber.testng.FeatureWrapper)[pri:0, instance:runnerfile.runnerClass@fa4c865]" name="runScenario" class="io.cucumber.testng.AbstractTestNGCucumberTests"/>
      </group> <!-- cucumber -->
    </groups>
    <test started-at="2025-04-02T11:18:42 IST" name="Default test" finished-at="2025-04-02T11:19:04 IST" duration-ms="22197">
      <class name="runnerfile.runnerClass">
        <test-method is-config="true" signature="setUpClass(org.testng.ITestContext)[pri:0, instance:runnerfile.runnerClass@fa4c865]" started-at="2025-04-02T11:18:42 IST" name="setUpClass" finished-at="2025-04-02T11:18:42 IST" duration-ms="161" status="PASS">
          <params>
            <param index="0">
              <value>
                <![CDATA[org.testng.TestRunner@1dc3502b]]>
              </value>
            </param>
          </params>
          <reporter-output>
          </reporter-output>
        </test-method> <!-- setUpClass -->
        <test-method signature="runScenario(io.cucumber.testng.PickleWrapper,io.cucumber.testng.FeatureWrapper)[pri:0, instance:runnerfile.runnerClass@fa4c865]" started-at="2025-04-02T11:18:42 IST" name="runScenario" description="Runs Cucumber Scenarios" data-provider="scenarios" finished-at="2025-04-02T11:18:51 IST" duration-ms="8881" status="PASS">
          <params>
            <param index="0">
              <value>
                <![CDATA["To test Login features with valid username and password"]]>
              </value>
            </param>
            <param index="1">
              <value>
                <![CDATA["SauceDemo Feature"]]>
              </value>
            </param>
          </params>
          <reporter-output>
          </reporter-output>
        </test-method> <!-- runScenario -->
        <test-method signature="runScenario(io.cucumber.testng.PickleWrapper,io.cucumber.testng.FeatureWrapper)[pri:0, instance:runnerfile.runnerClass@fa4c865]" started-at="2025-04-02T11:18:51 IST" name="runScenario" description="Runs Cucumber Scenarios" data-provider="scenarios" finished-at="2025-04-02T11:18:55 IST" duration-ms="4036" status="PASS">
          <params>
            <param index="0">
              <value>
                <![CDATA["To test Login features with invalid username"]]>
              </value>
            </param>
            <param index="1">
              <value>
                <![CDATA["SauceDemo Feature"]]>
              </value>
            </param>
          </params>
          <reporter-output>
          </reporter-output>
        </test-method> <!-- runScenario -->
        <test-method signature="runScenario(io.cucumber.testng.PickleWrapper,io.cucumber.testng.FeatureWrapper)[pri:0, instance:runnerfile.runnerClass@fa4c865]" started-at="2025-04-02T11:18:55 IST" name="runScenario" description="Runs Cucumber Scenarios" data-provider="scenarios" finished-at="2025-04-02T11:18:59 IST" duration-ms="4153" status="PASS">
          <params>
            <param index="0">
              <value>
                <![CDATA["To test Login features with invalid password"]]>
              </value>
            </param>
            <param index="1">
              <value>
                <![CDATA["SauceDemo Feature"]]>
              </value>
            </param>
          </params>
          <reporter-output>
          </reporter-output>
        </test-method> <!-- runScenario -->
        <test-method signature="runScenario(io.cucumber.testng.PickleWrapper,io.cucumber.testng.FeatureWrapper)[pri:0, instance:runnerfile.runnerClass@fa4c865]" started-at="2025-04-02T11:18:59 IST" name="runScenario" description="Runs Cucumber Scenarios" data-provider="scenarios" finished-at="2025-04-02T11:19:03 IST" duration-ms="4351" status="PASS">
          <params>
            <param index="0">
              <value>
                <![CDATA["To test Login features with invalid username and password"]]>
              </value>
            </param>
            <param index="1">
              <value>
                <![CDATA["SauceDemo Feature"]]>
              </value>
            </param>
          </params>
          <reporter-output>
          </reporter-output>
        </test-method> <!-- runScenario -->
        <test-method is-config="true" signature="tearDownClass()[pri:0, instance:runnerfile.runnerClass@fa4c865]" started-at="2025-04-02T11:19:03 IST" name="tearDownClass" finished-at="2025-04-02T11:19:04 IST" duration-ms="559" status="PASS">
          <reporter-output>
          </reporter-output>
        </test-method> <!-- tearDownClass -->
      </class> <!-- runnerfile.runnerClass -->
    </test> <!-- Default test -->
  </suite> <!-- Default suite -->
</testng-results>
